<?xml version="1.0" encoding="UTF-8"?>
<testng-results ignored="0" total="3" passed="3" failed="0" skipped="0">
  <reporter-output>
  </reporter-output>
  <suite started-at="2023-03-13T21:47:19 EET" name="All Test Suite" finished-at="2023-03-13T21:47:31 EET" duration-ms="12361">
    <groups>
    </groups>
    <test started-at="2023-03-13T21:47:19 EET" name="C:/Users/elpro/IdeaProjects/Tester" finished-at="2023-03-13T21:47:31 EET" duration-ms="12361">
      <class name="TestLMDownloadTemplate_20499$_Point3">
        <test-method signature="TemplateDownload()[pri:3, instance:TestLMDownloadTemplate_20499$_Point3@147ed70f]" started-at="2023-03-13T21:47:31 EET" name="TemplateDownload" finished-at="2023-03-13T21:47:31 EET" duration-ms="608" status="PASS">
          <reporter-output>
          </reporter-output>
        </test-method> <!-- TemplateDownload -->
      </class> <!-- TestLMDownloadTemplate_20499$_Point3 -->
      <class name="TestLMDownloadTemplate_20499$_Point1">
        <test-method signature="LookupManagementScreenDisplay()[pri:1, instance:TestLMDownloadTemplate_20499$_Point1@77167fb7]" started-at="2023-03-13T21:47:22 EET" name="LookupManagementScreenDisplay" finished-at="2023-03-13T21:47:28 EET" duration-ms="5647" status="PASS">
          <reporter-output>
          </reporter-output>
        </test-method> <!-- LookupManagementScreenDisplay -->
      </class> <!-- TestLMDownloadTemplate_20499$_Point1 -->
      <class name="TestLMDownloadTemplate_20499$_Point2">
        <test-method signature="LookupScreenAsGridWithColumns()[pri:2, instance:TestLMDownloadTemplate_20499$_Point2@124c278f]" started-at="2023-03-13T21:47:28 EET" name="LookupScreenAsGridWithColumns" finished-at="2023-03-13T21:47:31 EET" duration-ms="2913" status="PASS">
          <reporter-output>
          </reporter-output>
        </test-method> <!-- LookupScreenAsGridWithColumns -->
      </class> <!-- TestLMDownloadTemplate_20499$_Point2 -->
      <class name="TestLMDownloadTemplate_20499">
        <test-method is-config="true" signature="SetUp()[pri:0, instance:TestLMDownloadTemplate_20499@223f3642]" started-at="2023-03-13T21:47:19 EET" name="SetUp" finished-at="2023-03-13T21:47:22 EET" duration-ms="3144" status="PASS">
          <reporter-output>
          </reporter-output>
        </test-method> <!-- SetUp -->
      </class> <!-- TestLMDownloadTemplate_20499 -->
    </test> <!-- C:/Users/elpro/IdeaProjects/Tester -->
  </suite> <!-- All Test Suite -->
</testng-results>
